<?xml version="1.0" encoding="UTF-8"?>
<testng-results skipped="0" failed="0" ignored="0" total="1" passed="1">
  <reporter-output>
  </reporter-output>
  <suite name="Default suite" duration-ms="36368" started-at="2020-06-27T08:54:49Z" finished-at="2020-06-27T08:55:25Z">
    <groups>
    </groups>
    <test name="Default test" duration-ms="36368" started-at="2020-06-27T08:54:49Z" finished-at="2020-06-27T08:55:25Z">
      <class name="TestVagrant.WeatherReportingComparator.TC_001_CompareWeather">
        <test-method status="PASS" signature="setUp()[pri:0, instance:TestVagrant.WeatherReportingComparator.TC_001_CompareWeather@475530b9]" name="setUp" is-config="true" duration-ms="29293" started-at="2020-06-27T08:54:49Z" finished-at="2020-06-27T08:55:18Z">
          <reporter-output>
          </reporter-output>
        </test-method> <!-- setUp -->
        <test-method status="PASS" signature="CheckWeather()[pri:0, instance:TestVagrant.WeatherReportingComparator.TC_001_CompareWeather@475530b9]" name="CheckWeather" duration-ms="5497" started-at="2020-06-27T08:55:18Z" finished-at="2020-06-27T08:55:24Z">
          <reporter-output>
          </reporter-output>
        </test-method> <!-- CheckWeather -->
        <test-method status="PASS" signature="TearDown()[pri:0, instance:TestVagrant.WeatherReportingComparator.TC_001_CompareWeather@475530b9]" name="TearDown" is-config="true" duration-ms="1544" started-at="2020-06-27T08:55:24Z" finished-at="2020-06-27T08:55:25Z">
          <reporter-output>
          </reporter-output>
        </test-method> <!-- TearDown -->
      </class> <!-- TestVagrant.WeatherReportingComparator.TC_001_CompareWeather -->
    </test> <!-- Default test -->
  </suite> <!-- Default suite -->
</testng-results>
